

================================================================
== Vivado HLS Report for 'cordic_base'
================================================================
* Date:           Fri Nov 10 14:51:58 2017

* Version:        2017.1 (Build 1846317 on Fri Apr 14 19:19:38 MDT 2017)
* Project:        sqrt_CORDIC
* Solution:       solution1
* Product family: zynquplus
* Target device:  xczu19eg-ffve1924-3-e-es2


================================================================
== Performance Estimates
================================================================
+ Timing (ns): 
    * Summary: 
    +--------+-------+----------+------------+
    |  Clock | Target| Estimated| Uncertainty|
    +--------+-------+----------+------------+
    |ap_clk  |  10.00|      1.62|        1.25|
    +--------+-------+----------+------------+

+ Latency (clock cycles): 
    * Summary: 
    +------+------+------+------+---------+
    |   Latency   |   Interval  | Pipeline|
    |  min |  max |  min |  max |   Type  |
    +------+------+------+------+---------+
    |  2002|  2002|  2002|  2002|   none  |
    +------+------+------+------+---------+

    + Detail: 
        * Instance: 
        N/A

        * Loop: 
        +----------------------+------+------+----------+-----------+-----------+------+----------+
        |                      |   Latency   | Iteration|  Initiation Interval  | Trip |          |
        |       Loop Name      |  min |  max |  Latency |  achieved |   target  | Count| Pipelined|
        +----------------------+------+------+----------+-----------+-----------+------+----------+
        |- Loop 1              |    48|    48|         1|          -|          -|    48|    no    |
        |- data_int_frac_loop  |    50|    50|         1|          -|          -|    50|    no    |
        |- precision_loop      |  1875|  1875|        75|          -|          -|    25|    no    |
        | + rem_loop           |    24|    24|         1|          -|          -|    24|    no    |
        | + sqre_loop          |    23|    23|         1|          -|          -|    23|    no    |
        | + sqrt_int_loop      |    24|    24|         1|          -|          -|    24|    no    |
        |- Loop 4              |    25|    25|         1|          -|          -|    25|    no    |
        +----------------------+------+------+----------+-----------+-----------+------+----------+

============================================================
+ Verbose Summary: Synthesis Manager
============================================================
InlineROM: 1
ExposeGlobal: 0
============================================================
+ Verbose Summary: CDFG Model
============================================================
IsTopModel: 0
ResetActiveHigh: 1
IsCombinational: 0
IsDatapathOnly: 0
HasWiredReturn: 1
HasMFsm: 0
HasVarLatency: 1
IsPipeline: 0
IsRtlPipelined: 0
IsInstanceOverlapped: 0
IsDontTouch: 0
HasImplIP: 0
IsGatedGlobalClock: 0


============================================================
+ Verbose Summary: Schedule
============================================================
* Number of FSM states: 8
* Pipeline: 0
* Dataflow Pipeline: 0

* FSM state transitions: 
1 --> 
	2  / true
2 --> 
	2  / (!exitcond_i3)
	3  / (exitcond_i3)
3 --> 
	3  / (!exitcond_i)
	4  / (exitcond_i)
4 --> 
	5  / (!tmp_10)
	8  / (tmp_10)
5 --> 
	5  / (!tmp_11)
	6  / (tmp_11)
6 --> 
	6  / (!tmp_19)
	7  / (tmp_19)
7 --> 
	7  / (!tmp_22)
	4  / (tmp_22)
8 --> 
	8  / (!exitcond_i6)
* FSM state operations: 

 <State 1>: 0.60ns
ST_1: inputData_in_V_read_1 (2)  [1/1] 0.00ns
_ZrsILi48ELb1EE11ap_int_baseIXT_EXT0_EXleT_Li64EEERKS1_i.exit339:0  %inputData_in_V_read_1 = call i48 @_ssdm_op_Read.ap_auto.i48(i48 %inputData_in_V_read)

ST_1: StgValue_10 (3)  [1/1] 0.60ns  loc: /home/linsun/Xilinx/Vivado_HLS/2017.1/common/technology/autopilot/hls/dsp/utils/hls_cordic_functions.h:311->/home/linsun/Xilinx/Vivado_HLS/2017.1/common/technology/autopilot/hls/dsp/utils/hls_cordic.h:253
_ZrsILi48ELb1EE11ap_int_baseIXT_EXT0_EXleT_Li64EEERKS1_i.exit339:1  br label %0


 <State 2>: 1.01ns
ST_2: x_in_V (5)  [1/1] 0.00ns
:0  %x_in_V = phi i48 [ undef, %_ZrsILi48ELb1EE11ap_int_baseIXT_EXT0_EXleT_Li64EEERKS1_i.exit339 ], [ %p_Result_s, %1 ]

ST_2: bvh_d_index (6)  [1/1] 0.00ns
:1  %bvh_d_index = phi i6 [ 0, %_ZrsILi48ELb1EE11ap_int_baseIXT_EXT0_EXleT_Li64EEERKS1_i.exit339 ], [ %bit, %1 ]

ST_2: index_assign_11_cast (7)  [1/1] 0.00ns  loc: /home/linsun/Xilinx/Vivado_HLS/2017.1/common/technology/autopilot/hls/dsp/utils/hls_cordic.h:253
:2  %index_assign_11_cast = zext i6 %bvh_d_index to i32

ST_2: exitcond_i3 (8)  [1/1] 0.65ns  loc: /home/linsun/Xilinx/Vivado_HLS/2017.1/common/technology/autopilot/hls/dsp/utils/hls_cordic_functions.h:311->/home/linsun/Xilinx/Vivado_HLS/2017.1/common/technology/autopilot/hls/dsp/utils/hls_cordic.h:253
:3  %exitcond_i3 = icmp eq i6 %bvh_d_index, -16

ST_2: empty (9)  [1/1] 0.00ns
:4  %empty = call i32 (...)* @_ssdm_op_SpecLoopTripCount(i64 48, i64 48, i64 48)

ST_2: bit (10)  [1/1] 1.01ns  loc: /home/linsun/Xilinx/Vivado_HLS/2017.1/common/technology/autopilot/hls/dsp/utils/hls_cordic_functions.h:311->/home/linsun/Xilinx/Vivado_HLS/2017.1/common/technology/autopilot/hls/dsp/utils/hls_cordic.h:253
:5  %bit = add i6 %bvh_d_index, 1

ST_2: StgValue_17 (11)  [1/1] 0.00ns  loc: /home/linsun/Xilinx/Vivado_HLS/2017.1/common/technology/autopilot/hls/dsp/utils/hls_cordic_functions.h:311->/home/linsun/Xilinx/Vivado_HLS/2017.1/common/technology/autopilot/hls/dsp/utils/hls_cordic.h:253
:6  br i1 %exitcond_i3, label %"get_inputs<48, 6, 1>.exit.preheader", label %1

ST_2: tmp_2 (13)  [1/1] 0.00ns  loc: /home/linsun/Xilinx/Vivado_HLS/2017.1/common/technology/autopilot/hls/dsp/utils/hls_cordic_functions.h:312->/home/linsun/Xilinx/Vivado_HLS/2017.1/common/technology/autopilot/hls/dsp/utils/hls_cordic.h:253
:0  %tmp_2 = call i1 @_ssdm_op_BitSelect.i1.i48.i32(i48 %inputData_in_V_read_1, i32 %index_assign_11_cast)

ST_2: p_Repl2_4 (14)  [1/1] 0.00ns  loc: /home/linsun/Xilinx/Vivado_HLS/2017.1/common/technology/autopilot/hls/dsp/utils/hls_cordic_functions.h:312->/home/linsun/Xilinx/Vivado_HLS/2017.1/common/technology/autopilot/hls/dsp/utils/hls_cordic.h:253
:1  %p_Repl2_4 = zext i1 %tmp_2 to i64

ST_2: p_Result_s (15)  [1/1] 0.00ns  loc: /home/linsun/Xilinx/Vivado_HLS/2017.1/common/technology/autopilot/hls/dsp/utils/hls_cordic_functions.h:312->/home/linsun/Xilinx/Vivado_HLS/2017.1/common/technology/autopilot/hls/dsp/utils/hls_cordic.h:253
:2  %p_Result_s = call i48 @_ssdm_op_BitSet.i48.i48.i32.i64(i48 %x_in_V, i32 %index_assign_11_cast, i64 %p_Repl2_4)

ST_2: StgValue_21 (16)  [1/1] 0.00ns  loc: /home/linsun/Xilinx/Vivado_HLS/2017.1/common/technology/autopilot/hls/dsp/utils/hls_cordic_functions.h:311->/home/linsun/Xilinx/Vivado_HLS/2017.1/common/technology/autopilot/hls/dsp/utils/hls_cordic.h:253
:3  br label %0

ST_2: StgValue_22 (18)  [1/1] 0.60ns  loc: /home/linsun/Xilinx/Vivado_HLS/2017.1/common/technology/autopilot/hls/dsp/utils/hls_cordic_functions.h:748->/home/linsun/Xilinx/Vivado_HLS/2017.1/common/technology/autopilot/hls/dsp/utils/hls_cordic.h:661
get_inputs<48, 6, 1>.exit.preheader:0  br label %"get_inputs<48, 6, 1>.exit"


 <State 3>: 1.09ns
ST_3: p_Val2_s (20)  [1/1] 0.00ns  loc: /home/linsun/Xilinx/Vivado_HLS/2017.1/common/technology/autopilot/hls/dsp/utils/hls_cordic_functions.h:751->/home/linsun/Xilinx/Vivado_HLS/2017.1/common/technology/autopilot/hls/dsp/utils/hls_cordic.h:661
get_inputs<48, 6, 1>.exit:0  %p_Val2_s = phi i50 [ %p_050_6_i, %_ifconv ], [ undef, %"get_inputs<48, 6, 1>.exit.preheader" ]

ST_3: i1_0_i (21)  [1/1] 0.00ns
get_inputs<48, 6, 1>.exit:1  %i1_0_i = phi i6 [ %i, %_ifconv ], [ 0, %"get_inputs<48, 6, 1>.exit.preheader" ]

ST_3: i1_0_i_cast (22)  [1/1] 0.00ns  loc: /home/linsun/Xilinx/Vivado_HLS/2017.1/common/technology/autopilot/hls/dsp/utils/hls_cordic_functions.h:748->/home/linsun/Xilinx/Vivado_HLS/2017.1/common/technology/autopilot/hls/dsp/utils/hls_cordic.h:661
get_inputs<48, 6, 1>.exit:2  %i1_0_i_cast = zext i6 %i1_0_i to i7

ST_3: exitcond_i (23)  [1/1] 0.65ns  loc: /home/linsun/Xilinx/Vivado_HLS/2017.1/common/technology/autopilot/hls/dsp/utils/hls_cordic_functions.h:748->/home/linsun/Xilinx/Vivado_HLS/2017.1/common/technology/autopilot/hls/dsp/utils/hls_cordic.h:661
get_inputs<48, 6, 1>.exit:3  %exitcond_i = icmp eq i6 %i1_0_i, -14

ST_3: empty_12 (24)  [1/1] 0.00ns
get_inputs<48, 6, 1>.exit:4  %empty_12 = call i32 (...)* @_ssdm_op_SpecLoopTripCount(i64 50, i64 50, i64 50)

ST_3: i (25)  [1/1] 1.01ns  loc: /home/linsun/Xilinx/Vivado_HLS/2017.1/common/technology/autopilot/hls/dsp/utils/hls_cordic_functions.h:748->/home/linsun/Xilinx/Vivado_HLS/2017.1/common/technology/autopilot/hls/dsp/utils/hls_cordic.h:661
get_inputs<48, 6, 1>.exit:5  %i = add i6 %i1_0_i, 1

ST_3: StgValue_29 (26)  [1/1] 0.00ns  loc: /home/linsun/Xilinx/Vivado_HLS/2017.1/common/technology/autopilot/hls/dsp/utils/hls_cordic_functions.h:748->/home/linsun/Xilinx/Vivado_HLS/2017.1/common/technology/autopilot/hls/dsp/utils/hls_cordic.h:661
get_inputs<48, 6, 1>.exit:6  br i1 %exitcond_i, label %.preheader.i.preheader, label %_ifconv

ST_3: StgValue_30 (28)  [1/1] 0.00ns  loc: /home/linsun/Xilinx/Vivado_HLS/2017.1/common/technology/autopilot/hls/dsp/utils/hls_cordic_functions.h:748->/home/linsun/Xilinx/Vivado_HLS/2017.1/common/technology/autopilot/hls/dsp/utils/hls_cordic.h:661
_ifconv:0  call void (...)* @_ssdm_op_SpecLoopName([19 x i8]* @p_str278) nounwind

ST_3: tmp (29)  [1/1] 0.65ns  loc: /home/linsun/Xilinx/Vivado_HLS/2017.1/common/technology/autopilot/hls/dsp/utils/hls_cordic_functions.h:749->/home/linsun/Xilinx/Vivado_HLS/2017.1/common/technology/autopilot/hls/dsp/utils/hls_cordic.h:661
_ifconv:1  %tmp = icmp eq i6 %i1_0_i, 0

ST_3: p_Result_9 (30)  [1/1] 0.00ns  loc: /home/linsun/Xilinx/Vivado_HLS/2017.1/common/technology/autopilot/hls/dsp/utils/hls_cordic_functions.h:750->/home/linsun/Xilinx/Vivado_HLS/2017.1/common/technology/autopilot/hls/dsp/utils/hls_cordic.h:661 (grouped into LUT with out node p_050_6_i)
_ifconv:2  %p_Result_9 = call i50 @_ssdm_op_BitSet.i50.i50.i32.i1(i50 %p_Val2_s, i32 49, i1 false)

ST_3: tmp_1 (31)  [1/1] 0.65ns  loc: /home/linsun/Xilinx/Vivado_HLS/2017.1/common/technology/autopilot/hls/dsp/utils/hls_cordic_functions.h:751->/home/linsun/Xilinx/Vivado_HLS/2017.1/common/technology/autopilot/hls/dsp/utils/hls_cordic.h:661
_ifconv:3  %tmp_1 = icmp ult i6 %i1_0_i, -15

ST_3: bvh_d_index_1 (32)  [1/1] 1.01ns  loc: /home/linsun/Xilinx/Vivado_HLS/2017.1/common/technology/autopilot/hls/dsp/utils/hls_cordic_functions.h:752->/home/linsun/Xilinx/Vivado_HLS/2017.1/common/technology/autopilot/hls/dsp/utils/hls_cordic.h:661
_ifconv:4  %bvh_d_index_1 = sub i6 -15, %i1_0_i

ST_3: index_assign_cast (33)  [1/1] 0.00ns  loc: /home/linsun/Xilinx/Vivado_HLS/2017.1/common/technology/autopilot/hls/dsp/utils/hls_cordic_functions.h:752->/home/linsun/Xilinx/Vivado_HLS/2017.1/common/technology/autopilot/hls/dsp/utils/hls_cordic.h:661
_ifconv:5  %index_assign_cast = zext i6 %bvh_d_index_1 to i32

ST_3: bvh_d_index_2 (34)  [1/1] 1.01ns  loc: /home/linsun/Xilinx/Vivado_HLS/2017.1/common/technology/autopilot/hls/dsp/utils/hls_cordic_functions.h:752->/home/linsun/Xilinx/Vivado_HLS/2017.1/common/technology/autopilot/hls/dsp/utils/hls_cordic.h:661
_ifconv:6  %bvh_d_index_2 = sub i7 48, %i1_0_i_cast

ST_3: index_assign_12_cast (35)  [1/1] 0.00ns  loc: /home/linsun/Xilinx/Vivado_HLS/2017.1/common/technology/autopilot/hls/dsp/utils/hls_cordic_functions.h:752->/home/linsun/Xilinx/Vivado_HLS/2017.1/common/technology/autopilot/hls/dsp/utils/hls_cordic.h:661
_ifconv:7  %index_assign_12_cast = sext i7 %bvh_d_index_2 to i32

ST_3: tmp_7 (36)  [1/1] 0.00ns  loc: /home/linsun/Xilinx/Vivado_HLS/2017.1/common/technology/autopilot/hls/dsp/utils/hls_cordic_functions.h:752->/home/linsun/Xilinx/Vivado_HLS/2017.1/common/technology/autopilot/hls/dsp/utils/hls_cordic.h:661
_ifconv:8  %tmp_7 = call i1 @_ssdm_op_BitSelect.i1.i48.i32(i48 %x_in_V, i32 %index_assign_12_cast)

ST_3: p_Repl2_s (37)  [1/1] 0.00ns  loc: /home/linsun/Xilinx/Vivado_HLS/2017.1/common/technology/autopilot/hls/dsp/utils/hls_cordic_functions.h:752->/home/linsun/Xilinx/Vivado_HLS/2017.1/common/technology/autopilot/hls/dsp/utils/hls_cordic.h:661
_ifconv:9  %p_Repl2_s = zext i1 %tmp_7 to i64

ST_3: p_Result_10 (38)  [1/1] 0.00ns  loc: /home/linsun/Xilinx/Vivado_HLS/2017.1/common/technology/autopilot/hls/dsp/utils/hls_cordic_functions.h:752->/home/linsun/Xilinx/Vivado_HLS/2017.1/common/technology/autopilot/hls/dsp/utils/hls_cordic.h:661
_ifconv:10  %p_Result_10 = call i50 @_ssdm_op_BitSet.i50.i50.i32.i64(i50 %p_Val2_s, i32 %index_assign_cast, i64 %p_Repl2_s)

ST_3: p_Result_11 (39)  [1/1] 0.00ns  loc: /home/linsun/Xilinx/Vivado_HLS/2017.1/common/technology/autopilot/hls/dsp/utils/hls_cordic_functions.h:754->/home/linsun/Xilinx/Vivado_HLS/2017.1/common/technology/autopilot/hls/dsp/utils/hls_cordic.h:661 (grouped into LUT with out node p_050_6_i)
_ifconv:11  %p_Result_11 = call i50 @_ssdm_op_BitSet.i50.i50.i32.i64(i50 %p_Val2_s, i32 %index_assign_cast, i64 0)

ST_3: sel_tmp (40)  [1/1] 0.00ns  loc: /home/linsun/Xilinx/Vivado_HLS/2017.1/common/technology/autopilot/hls/dsp/utils/hls_cordic_functions.h:749->/home/linsun/Xilinx/Vivado_HLS/2017.1/common/technology/autopilot/hls/dsp/utils/hls_cordic.h:661 (grouped into LUT with out node p_050_6_i)
_ifconv:12  %sel_tmp = select i1 %tmp, i50 %p_Result_9, i50 %p_Result_11

ST_3: sel_tmp1 (41)  [1/1] 0.00ns  loc: /home/linsun/Xilinx/Vivado_HLS/2017.1/common/technology/autopilot/hls/dsp/utils/hls_cordic_functions.h:749->/home/linsun/Xilinx/Vivado_HLS/2017.1/common/technology/autopilot/hls/dsp/utils/hls_cordic.h:661 (grouped into LUT with out node sel_tmp2)
_ifconv:13  %sel_tmp1 = xor i1 %tmp, true

ST_3: sel_tmp2 (42)  [1/1] 0.04ns  loc: /home/linsun/Xilinx/Vivado_HLS/2017.1/common/technology/autopilot/hls/dsp/utils/hls_cordic_functions.h:751->/home/linsun/Xilinx/Vivado_HLS/2017.1/common/technology/autopilot/hls/dsp/utils/hls_cordic.h:661 (out node of the LUT)
_ifconv:14  %sel_tmp2 = and i1 %tmp_1, %sel_tmp1

ST_3: p_050_6_i (43)  [1/1] 0.07ns  loc: /home/linsun/Xilinx/Vivado_HLS/2017.1/common/technology/autopilot/hls/dsp/utils/hls_cordic_functions.h:751->/home/linsun/Xilinx/Vivado_HLS/2017.1/common/technology/autopilot/hls/dsp/utils/hls_cordic.h:661 (out node of the LUT)
_ifconv:15  %p_050_6_i = select i1 %sel_tmp2, i50 %p_Result_10, i50 %sel_tmp

ST_3: StgValue_46 (44)  [1/1] 0.00ns  loc: /home/linsun/Xilinx/Vivado_HLS/2017.1/common/technology/autopilot/hls/dsp/utils/hls_cordic_functions.h:748->/home/linsun/Xilinx/Vivado_HLS/2017.1/common/technology/autopilot/hls/dsp/utils/hls_cordic.h:661
_ifconv:16  br label %"get_inputs<48, 6, 1>.exit"

ST_3: p_Val2_4 (46)  [1/1] 0.00ns
.preheader.i.preheader:0  %p_Val2_4 = alloca i50

ST_3: StgValue_48 (47)  [1/1] 0.60ns
.preheader.i.preheader:1  store i50 1, i50* %p_Val2_4

ST_3: StgValue_49 (48)  [1/1] 0.60ns  loc: /home/linsun/Xilinx/Vivado_HLS/2017.1/common/technology/autopilot/hls/dsp/utils/hls_cordic.h:672
.preheader.i.preheader:2  br label %.preheader.i


 <State 4>: 0.60ns
ST_4: data_x_outp_V (50)  [1/1] 0.00ns
.preheader.i:0  %data_x_outp_V = phi i25 [ %sqrt_int_V, %_ifconv4 ], [ 0, %.preheader.i.preheader ]

ST_4: p_0289_0_i (51)  [1/1] 0.00ns  loc: /home/linsun/Xilinx/Vivado_HLS/2017.1/common/technology/autopilot/hls/dsp/utils/hls_cordic_functions.h:778->/home/linsun/Xilinx/Vivado_HLS/2017.1/common/technology/autopilot/hls/dsp/utils/hls_cordic.h:661
.preheader.i:1  %p_0289_0_i = phi i50 [ %p_0289_2_i, %_ifconv4 ], [ 0, %.preheader.i.preheader ]

ST_4: i2_0_i (52)  [1/1] 0.00ns
.preheader.i:2  %i2_0_i = phi i6 [ %i_2, %_ifconv4 ], [ 24, %.preheader.i.preheader ]

ST_4: tmp_10 (53)  [1/1] 0.00ns  loc: /home/linsun/Xilinx/Vivado_HLS/2017.1/common/technology/autopilot/hls/dsp/utils/hls_cordic_functions.h:759->/home/linsun/Xilinx/Vivado_HLS/2017.1/common/technology/autopilot/hls/dsp/utils/hls_cordic.h:661
.preheader.i:3  %tmp_10 = call i1 @_ssdm_op_BitSelect.i1.i6.i32(i6 %i2_0_i, i32 5)

ST_4: empty_13 (54)  [1/1] 0.00ns
.preheader.i:4  %empty_13 = call i32 (...)* @_ssdm_op_SpecLoopTripCount(i64 25, i64 25, i64 25)

ST_4: StgValue_55 (55)  [1/1] 0.00ns  loc: /home/linsun/Xilinx/Vivado_HLS/2017.1/common/technology/autopilot/hls/dsp/utils/hls_cordic_functions.h:759->/home/linsun/Xilinx/Vivado_HLS/2017.1/common/technology/autopilot/hls/dsp/utils/hls_cordic.h:661
.preheader.i:5  br i1 %tmp_10, label %"sqrt_slv<48, 1, 25>.exit.preheader", label %2

ST_4: StgValue_56 (57)  [1/1] 0.00ns  loc: /home/linsun/Xilinx/Vivado_HLS/2017.1/common/technology/autopilot/hls/dsp/utils/hls_cordic_functions.h:759->/home/linsun/Xilinx/Vivado_HLS/2017.1/common/technology/autopilot/hls/dsp/utils/hls_cordic.h:661
:0  call void (...)* @_ssdm_op_SpecLoopName([15 x i8]* @p_str279) nounwind

ST_4: tmp_5 (58)  [1/1] 0.00ns  loc: /home/linsun/Xilinx/Vivado_HLS/2017.1/common/technology/autopilot/hls/dsp/utils/hls_cordic_functions.h:759->/home/linsun/Xilinx/Vivado_HLS/2017.1/common/technology/autopilot/hls/dsp/utils/hls_cordic.h:661
:1  %tmp_5 = call i32 (...)* @_ssdm_op_SpecRegionBegin([15 x i8]* @p_str279)

ST_4: StgValue_58 (59)  [1/1] 0.60ns  loc: /home/linsun/Xilinx/Vivado_HLS/2017.1/common/technology/autopilot/hls/dsp/utils/hls_cordic_functions.h:761->/home/linsun/Xilinx/Vivado_HLS/2017.1/common/technology/autopilot/hls/dsp/utils/hls_cordic.h:661
:2  br label %3

ST_4: StgValue_59 (132)  [1/1] 0.60ns  loc: /home/linsun/Xilinx/Vivado_HLS/2017.1/common/technology/autopilot/hls/dsp/utils/hls_cordic_functions.h:412->/home/linsun/Xilinx/Vivado_HLS/2017.1/common/technology/autopilot/hls/dsp/utils/hls_cordic.h:678
sqrt_slv<48, 1, 25>.exit.preheader:0  br label %"sqrt_slv<48, 1, 25>.exit"


 <State 5>: 1.01ns
ST_5: p_Val2_3 (61)  [1/1] 0.00ns
:0  %p_Val2_3 = phi i50 [ %p_0289_0_i, %2 ], [ %p_Result_12, %4 ]

ST_5: bvh_d_index_4 (62)  [1/1] 0.00ns
:1  %bvh_d_index_4 = phi i6 [ 23, %2 ], [ %j, %4 ]

ST_5: index_assign_14_cast (63)  [1/1] 0.00ns  loc: /home/linsun/Xilinx/Vivado_HLS/2017.1/common/technology/autopilot/hls/dsp/utils/hls_cordic_functions.h:761->/home/linsun/Xilinx/Vivado_HLS/2017.1/common/technology/autopilot/hls/dsp/utils/hls_cordic.h:661
:2  %index_assign_14_cast = sext i6 %bvh_d_index_4 to i32

ST_5: tmp_11 (64)  [1/1] 0.00ns  loc: /home/linsun/Xilinx/Vivado_HLS/2017.1/common/technology/autopilot/hls/dsp/utils/hls_cordic_functions.h:761->/home/linsun/Xilinx/Vivado_HLS/2017.1/common/technology/autopilot/hls/dsp/utils/hls_cordic.h:661
:3  %tmp_11 = call i1 @_ssdm_op_BitSelect.i1.i6.i32(i6 %bvh_d_index_4, i32 5)

ST_5: empty_14 (65)  [1/1] 0.00ns
:4  %empty_14 = call i32 (...)* @_ssdm_op_SpecLoopTripCount(i64 24, i64 24, i64 24)

ST_5: StgValue_65 (66)  [1/1] 0.00ns  loc: /home/linsun/Xilinx/Vivado_HLS/2017.1/common/technology/autopilot/hls/dsp/utils/hls_cordic_functions.h:761->/home/linsun/Xilinx/Vivado_HLS/2017.1/common/technology/autopilot/hls/dsp/utils/hls_cordic.h:661
:5  br i1 %tmp_11, label %5, label %4

ST_5: StgValue_66 (68)  [1/1] 0.00ns  loc: /home/linsun/Xilinx/Vivado_HLS/2017.1/common/technology/autopilot/hls/dsp/utils/hls_cordic_functions.h:761->/home/linsun/Xilinx/Vivado_HLS/2017.1/common/technology/autopilot/hls/dsp/utils/hls_cordic.h:661
:0  call void (...)* @_ssdm_op_SpecLoopName([9 x i8]* @p_str280) nounwind

ST_5: bvh_d_index_3 (69)  [1/1] 1.01ns  loc: /home/linsun/Xilinx/Vivado_HLS/2017.1/common/technology/autopilot/hls/dsp/utils/hls_cordic_functions.h:762->/home/linsun/Xilinx/Vivado_HLS/2017.1/common/technology/autopilot/hls/dsp/utils/hls_cordic.h:661
:1  %bvh_d_index_3 = add i6 %bvh_d_index_4, 2

ST_5: index_assign_13_cast (70)  [1/1] 0.00ns  loc: /home/linsun/Xilinx/Vivado_HLS/2017.1/common/technology/autopilot/hls/dsp/utils/hls_cordic_functions.h:762->/home/linsun/Xilinx/Vivado_HLS/2017.1/common/technology/autopilot/hls/dsp/utils/hls_cordic.h:661
:2  %index_assign_13_cast = zext i6 %bvh_d_index_3 to i32

ST_5: tmp_17 (71)  [1/1] 0.00ns  loc: /home/linsun/Xilinx/Vivado_HLS/2017.1/common/technology/autopilot/hls/dsp/utils/hls_cordic_functions.h:762->/home/linsun/Xilinx/Vivado_HLS/2017.1/common/technology/autopilot/hls/dsp/utils/hls_cordic.h:661
:3  %tmp_17 = call i1 @_ssdm_op_BitSelect.i1.i50.i32(i50 %p_Val2_3, i32 %index_assign_14_cast)

ST_5: p_Repl2_1 (72)  [1/1] 0.00ns  loc: /home/linsun/Xilinx/Vivado_HLS/2017.1/common/technology/autopilot/hls/dsp/utils/hls_cordic_functions.h:762->/home/linsun/Xilinx/Vivado_HLS/2017.1/common/technology/autopilot/hls/dsp/utils/hls_cordic.h:661
:4  %p_Repl2_1 = zext i1 %tmp_17 to i64

ST_5: p_Result_12 (73)  [1/1] 0.00ns  loc: /home/linsun/Xilinx/Vivado_HLS/2017.1/common/technology/autopilot/hls/dsp/utils/hls_cordic_functions.h:762->/home/linsun/Xilinx/Vivado_HLS/2017.1/common/technology/autopilot/hls/dsp/utils/hls_cordic.h:661
:5  %p_Result_12 = call i50 @_ssdm_op_BitSet.i50.i50.i32.i64(i50 %p_Val2_3, i32 %index_assign_13_cast, i64 %p_Repl2_1)

ST_5: j (74)  [1/1] 1.01ns  loc: /home/linsun/Xilinx/Vivado_HLS/2017.1/common/technology/autopilot/hls/dsp/utils/hls_cordic_functions.h:761->/home/linsun/Xilinx/Vivado_HLS/2017.1/common/technology/autopilot/hls/dsp/utils/hls_cordic.h:661
:6  %j = add i6 %bvh_d_index_4, -1

ST_5: StgValue_73 (75)  [1/1] 0.00ns  loc: /home/linsun/Xilinx/Vivado_HLS/2017.1/common/technology/autopilot/hls/dsp/utils/hls_cordic_functions.h:761->/home/linsun/Xilinx/Vivado_HLS/2017.1/common/technology/autopilot/hls/dsp/utils/hls_cordic.h:661
:7  br label %3

ST_5: bvh_d_index_7 (77)  [1/1] 0.00ns  loc: /home/linsun/Xilinx/Vivado_HLS/2017.1/common/technology/autopilot/hls/dsp/utils/hls_cordic_functions.h:764->/home/linsun/Xilinx/Vivado_HLS/2017.1/common/technology/autopilot/hls/dsp/utils/hls_cordic.h:661
:0  %bvh_d_index_7 = shl i6 %i2_0_i, 1

ST_5: index_assign_16_cast (78)  [1/1] 0.00ns  loc: /home/linsun/Xilinx/Vivado_HLS/2017.1/common/technology/autopilot/hls/dsp/utils/hls_cordic_functions.h:764->/home/linsun/Xilinx/Vivado_HLS/2017.1/common/technology/autopilot/hls/dsp/utils/hls_cordic.h:661
:1  %index_assign_16_cast = zext i6 %bvh_d_index_7 to i32

ST_5: bvh_d_index_5 (79)  [1/1] 0.00ns  loc: /home/linsun/Xilinx/Vivado_HLS/2017.1/common/technology/autopilot/hls/dsp/utils/hls_cordic_functions.h:764->/home/linsun/Xilinx/Vivado_HLS/2017.1/common/technology/autopilot/hls/dsp/utils/hls_cordic.h:661
:2  %bvh_d_index_5 = or i6 %bvh_d_index_7, 1

ST_5: index_assign_15_cast (80)  [1/1] 0.00ns  loc: /home/linsun/Xilinx/Vivado_HLS/2017.1/common/technology/autopilot/hls/dsp/utils/hls_cordic_functions.h:764->/home/linsun/Xilinx/Vivado_HLS/2017.1/common/technology/autopilot/hls/dsp/utils/hls_cordic.h:661
:3  %index_assign_15_cast = zext i6 %bvh_d_index_5 to i32

ST_5: tmp_15 (81)  [1/1] 0.00ns  loc: /home/linsun/Xilinx/Vivado_HLS/2017.1/common/technology/autopilot/hls/dsp/utils/hls_cordic_functions.h:764->/home/linsun/Xilinx/Vivado_HLS/2017.1/common/technology/autopilot/hls/dsp/utils/hls_cordic.h:661
:4  %tmp_15 = call i1 @_ssdm_op_BitSelect.i1.i50.i32(i50 %p_Val2_s, i32 %index_assign_15_cast)

ST_5: tmp_16 (82)  [1/1] 0.00ns  loc: /home/linsun/Xilinx/Vivado_HLS/2017.1/common/technology/autopilot/hls/dsp/utils/hls_cordic_functions.h:765->/home/linsun/Xilinx/Vivado_HLS/2017.1/common/technology/autopilot/hls/dsp/utils/hls_cordic.h:661
:5  %tmp_16 = call i1 @_ssdm_op_BitSelect.i1.i50.i32(i50 %p_Val2_s, i32 %index_assign_16_cast)

ST_5: tmp_6 (83)  [1/1] 0.00ns  loc: /home/linsun/Xilinx/Vivado_HLS/2017.1/common/technology/autopilot/hls/dsp/utils/hls_cordic_functions.h:765->/home/linsun/Xilinx/Vivado_HLS/2017.1/common/technology/autopilot/hls/dsp/utils/hls_cordic.h:661
:6  %tmp_6 = call i2 @_ssdm_op_BitConcatenate.i2.i1.i1(i1 %tmp_15, i1 %tmp_16)

ST_5: p_Result_13 (84)  [1/1] 0.00ns  loc: /home/linsun/Xilinx/Vivado_HLS/2017.1/common/technology/autopilot/hls/dsp/utils/hls_cordic_functions.h:765->/home/linsun/Xilinx/Vivado_HLS/2017.1/common/technology/autopilot/hls/dsp/utils/hls_cordic.h:661
:7  %p_Result_13 = call i50 @_ssdm_op_PartSet.i50.i50.i2.i32.i32(i50 %p_Val2_3, i2 %tmp_6, i32 0, i32 1)

ST_5: StgValue_82 (85)  [1/1] 0.60ns  loc: /home/linsun/Xilinx/Vivado_HLS/2017.1/common/technology/autopilot/hls/dsp/utils/hls_cordic_functions.h:767->/home/linsun/Xilinx/Vivado_HLS/2017.1/common/technology/autopilot/hls/dsp/utils/hls_cordic.h:661
:8  br label %6


 <State 6>: 1.62ns
ST_6: bvh_d_index_9 (87)  [1/1] 0.00ns
:0  %bvh_d_index_9 = phi i6 [ 22, %5 ], [ %j_1, %7 ]

ST_6: index_assign_18_cast (88)  [1/1] 0.00ns  loc: /home/linsun/Xilinx/Vivado_HLS/2017.1/common/technology/autopilot/hls/dsp/utils/hls_cordic_functions.h:767->/home/linsun/Xilinx/Vivado_HLS/2017.1/common/technology/autopilot/hls/dsp/utils/hls_cordic.h:661
:1  %index_assign_18_cast = sext i6 %bvh_d_index_9 to i32

ST_6: tmp_19 (89)  [1/1] 0.00ns  loc: /home/linsun/Xilinx/Vivado_HLS/2017.1/common/technology/autopilot/hls/dsp/utils/hls_cordic_functions.h:767->/home/linsun/Xilinx/Vivado_HLS/2017.1/common/technology/autopilot/hls/dsp/utils/hls_cordic.h:661
:2  %tmp_19 = call i1 @_ssdm_op_BitSelect.i1.i6.i32(i6 %bvh_d_index_9, i32 5)

ST_6: empty_15 (90)  [1/1] 0.00ns
:3  %empty_15 = call i32 (...)* @_ssdm_op_SpecLoopTripCount(i64 23, i64 23, i64 23)

ST_6: StgValue_87 (91)  [1/1] 0.00ns  loc: /home/linsun/Xilinx/Vivado_HLS/2017.1/common/technology/autopilot/hls/dsp/utils/hls_cordic_functions.h:767->/home/linsun/Xilinx/Vivado_HLS/2017.1/common/technology/autopilot/hls/dsp/utils/hls_cordic.h:661
:4  br i1 %tmp_19, label %8, label %7

ST_6: p_Val2_4_load_1 (93)  [1/1] 0.00ns  loc: /home/linsun/Xilinx/Vivado_HLS/2017.1/common/technology/autopilot/hls/dsp/utils/hls_cordic_functions.h:768->/home/linsun/Xilinx/Vivado_HLS/2017.1/common/technology/autopilot/hls/dsp/utils/hls_cordic.h:661
:0  %p_Val2_4_load_1 = load i50* %p_Val2_4

ST_6: StgValue_89 (94)  [1/1] 0.00ns  loc: /home/linsun/Xilinx/Vivado_HLS/2017.1/common/technology/autopilot/hls/dsp/utils/hls_cordic_functions.h:767->/home/linsun/Xilinx/Vivado_HLS/2017.1/common/technology/autopilot/hls/dsp/utils/hls_cordic.h:661
:1  call void (...)* @_ssdm_op_SpecLoopName([10 x i8]* @p_str281) nounwind

ST_6: bvh_d_index_8 (95)  [1/1] 1.01ns  loc: /home/linsun/Xilinx/Vivado_HLS/2017.1/common/technology/autopilot/hls/dsp/utils/hls_cordic_functions.h:768->/home/linsun/Xilinx/Vivado_HLS/2017.1/common/technology/autopilot/hls/dsp/utils/hls_cordic.h:661
:2  %bvh_d_index_8 = add i6 %bvh_d_index_9, 2

ST_6: index_assign_17_cast (96)  [1/1] 0.00ns  loc: /home/linsun/Xilinx/Vivado_HLS/2017.1/common/technology/autopilot/hls/dsp/utils/hls_cordic_functions.h:768->/home/linsun/Xilinx/Vivado_HLS/2017.1/common/technology/autopilot/hls/dsp/utils/hls_cordic.h:661
:3  %index_assign_17_cast = zext i6 %bvh_d_index_8 to i32

ST_6: tmp_20 (97)  [1/1] 0.00ns  loc: /home/linsun/Xilinx/Vivado_HLS/2017.1/common/technology/autopilot/hls/dsp/utils/hls_cordic_functions.h:768->/home/linsun/Xilinx/Vivado_HLS/2017.1/common/technology/autopilot/hls/dsp/utils/hls_cordic.h:661
:4  %tmp_20 = call i1 @_ssdm_op_BitSelect.i1.i25.i32(i25 %data_x_outp_V, i32 %index_assign_18_cast)

ST_6: p_Repl2_2 (98)  [1/1] 0.00ns  loc: /home/linsun/Xilinx/Vivado_HLS/2017.1/common/technology/autopilot/hls/dsp/utils/hls_cordic_functions.h:768->/home/linsun/Xilinx/Vivado_HLS/2017.1/common/technology/autopilot/hls/dsp/utils/hls_cordic.h:661
:5  %p_Repl2_2 = zext i1 %tmp_20 to i64

ST_6: p_Result_14 (99)  [1/1] 0.00ns  loc: /home/linsun/Xilinx/Vivado_HLS/2017.1/common/technology/autopilot/hls/dsp/utils/hls_cordic_functions.h:768->/home/linsun/Xilinx/Vivado_HLS/2017.1/common/technology/autopilot/hls/dsp/utils/hls_cordic.h:661
:6  %p_Result_14 = call i50 @_ssdm_op_BitSet.i50.i50.i32.i64(i50 %p_Val2_4_load_1, i32 %index_assign_17_cast, i64 %p_Repl2_2)

ST_6: j_1 (100)  [1/1] 1.01ns  loc: /home/linsun/Xilinx/Vivado_HLS/2017.1/common/technology/autopilot/hls/dsp/utils/hls_cordic_functions.h:767->/home/linsun/Xilinx/Vivado_HLS/2017.1/common/technology/autopilot/hls/dsp/utils/hls_cordic.h:661
:7  %j_1 = add i6 %bvh_d_index_9, -1

ST_6: StgValue_96 (101)  [1/1] 0.60ns  loc: /home/linsun/Xilinx/Vivado_HLS/2017.1/common/technology/autopilot/hls/dsp/utils/hls_cordic_functions.h:768->/home/linsun/Xilinx/Vivado_HLS/2017.1/common/technology/autopilot/hls/dsp/utils/hls_cordic.h:661
:8  store i50 %p_Result_14, i50* %p_Val2_4

ST_6: StgValue_97 (102)  [1/1] 0.00ns  loc: /home/linsun/Xilinx/Vivado_HLS/2017.1/common/technology/autopilot/hls/dsp/utils/hls_cordic_functions.h:767->/home/linsun/Xilinx/Vivado_HLS/2017.1/common/technology/autopilot/hls/dsp/utils/hls_cordic.h:661
:9  br label %6

ST_6: p_Val2_4_load (104)  [1/1] 0.00ns  loc: /home/linsun/Xilinx/Vivado_HLS/2017.1/common/technology/autopilot/hls/dsp/utils/hls_cordic_functions.h:771->/home/linsun/Xilinx/Vivado_HLS/2017.1/common/technology/autopilot/hls/dsp/utils/hls_cordic.h:661
:0  %p_Val2_4_load = load i50* %p_Val2_4

ST_6: rem_next_V (105)  [1/1] 1.27ns  loc: /home/linsun/Xilinx/Vivado_HLS/2017.1/common/technology/autopilot/hls/dsp/utils/hls_cordic_functions.h:771->/home/linsun/Xilinx/Vivado_HLS/2017.1/common/technology/autopilot/hls/dsp/utils/hls_cordic.h:661
:1  %rem_next_V = sub i50 %p_Result_13, %p_Val2_4_load

ST_6: StgValue_100 (106)  [1/1] 0.60ns  loc: /home/linsun/Xilinx/Vivado_HLS/2017.1/common/technology/autopilot/hls/dsp/utils/hls_cordic_functions.h:773->/home/linsun/Xilinx/Vivado_HLS/2017.1/common/technology/autopilot/hls/dsp/utils/hls_cordic.h:661
:2  br label %9


 <State 7>: 1.01ns
ST_7: p_Val2_6 (108)  [1/1] 0.00ns
:0  %p_Val2_6 = phi i25 [ %data_x_outp_V, %8 ], [ %p_Result_15, %10 ]

ST_7: bvh_d_index_11 (109)  [1/1] 0.00ns
:1  %bvh_d_index_11 = phi i6 [ 23, %8 ], [ %j_2, %10 ]

ST_7: index_assign_20_cast (110)  [1/1] 0.00ns  loc: /home/linsun/Xilinx/Vivado_HLS/2017.1/common/technology/autopilot/hls/dsp/utils/hls_cordic_functions.h:773->/home/linsun/Xilinx/Vivado_HLS/2017.1/common/technology/autopilot/hls/dsp/utils/hls_cordic.h:661
:2  %index_assign_20_cast = sext i6 %bvh_d_index_11 to i32

ST_7: tmp_22 (111)  [1/1] 0.00ns  loc: /home/linsun/Xilinx/Vivado_HLS/2017.1/common/technology/autopilot/hls/dsp/utils/hls_cordic_functions.h:773->/home/linsun/Xilinx/Vivado_HLS/2017.1/common/technology/autopilot/hls/dsp/utils/hls_cordic.h:661
:3  %tmp_22 = call i1 @_ssdm_op_BitSelect.i1.i6.i32(i6 %bvh_d_index_11, i32 5)

ST_7: empty_16 (112)  [1/1] 0.00ns
:4  %empty_16 = call i32 (...)* @_ssdm_op_SpecLoopTripCount(i64 24, i64 24, i64 24)

ST_7: StgValue_106 (113)  [1/1] 0.00ns  loc: /home/linsun/Xilinx/Vivado_HLS/2017.1/common/technology/autopilot/hls/dsp/utils/hls_cordic_functions.h:773->/home/linsun/Xilinx/Vivado_HLS/2017.1/common/technology/autopilot/hls/dsp/utils/hls_cordic.h:661
:5  br i1 %tmp_22, label %_ifconv4, label %10

ST_7: StgValue_107 (115)  [1/1] 0.00ns  loc: /home/linsun/Xilinx/Vivado_HLS/2017.1/common/technology/autopilot/hls/dsp/utils/hls_cordic_functions.h:773->/home/linsun/Xilinx/Vivado_HLS/2017.1/common/technology/autopilot/hls/dsp/utils/hls_cordic.h:661
:0  call void (...)* @_ssdm_op_SpecLoopName([14 x i8]* @p_str282) nounwind

ST_7: bvh_d_index_10 (116)  [1/1] 1.01ns  loc: /home/linsun/Xilinx/Vivado_HLS/2017.1/common/technology/autopilot/hls/dsp/utils/hls_cordic_functions.h:774->/home/linsun/Xilinx/Vivado_HLS/2017.1/common/technology/autopilot/hls/dsp/utils/hls_cordic.h:661
:1  %bvh_d_index_10 = add i6 %bvh_d_index_11, 1

ST_7: index_assign_19_cast (117)  [1/1] 0.00ns  loc: /home/linsun/Xilinx/Vivado_HLS/2017.1/common/technology/autopilot/hls/dsp/utils/hls_cordic_functions.h:774->/home/linsun/Xilinx/Vivado_HLS/2017.1/common/technology/autopilot/hls/dsp/utils/hls_cordic.h:661
:2  %index_assign_19_cast = zext i6 %bvh_d_index_10 to i32

ST_7: tmp_25 (118)  [1/1] 0.00ns  loc: /home/linsun/Xilinx/Vivado_HLS/2017.1/common/technology/autopilot/hls/dsp/utils/hls_cordic_functions.h:774->/home/linsun/Xilinx/Vivado_HLS/2017.1/common/technology/autopilot/hls/dsp/utils/hls_cordic.h:661
:3  %tmp_25 = call i1 @_ssdm_op_BitSelect.i1.i25.i32(i25 %p_Val2_6, i32 %index_assign_20_cast)

ST_7: p_Repl2_3 (119)  [1/1] 0.00ns  loc: /home/linsun/Xilinx/Vivado_HLS/2017.1/common/technology/autopilot/hls/dsp/utils/hls_cordic_functions.h:774->/home/linsun/Xilinx/Vivado_HLS/2017.1/common/technology/autopilot/hls/dsp/utils/hls_cordic.h:661
:4  %p_Repl2_3 = zext i1 %tmp_25 to i64

ST_7: p_Result_15 (120)  [1/1] 0.00ns  loc: /home/linsun/Xilinx/Vivado_HLS/2017.1/common/technology/autopilot/hls/dsp/utils/hls_cordic_functions.h:774->/home/linsun/Xilinx/Vivado_HLS/2017.1/common/technology/autopilot/hls/dsp/utils/hls_cordic.h:661
:5  %p_Result_15 = call i25 @_ssdm_op_BitSet.i25.i25.i32.i64(i25 %p_Val2_6, i32 %index_assign_19_cast, i64 %p_Repl2_3)

ST_7: j_2 (121)  [1/1] 1.01ns  loc: /home/linsun/Xilinx/Vivado_HLS/2017.1/common/technology/autopilot/hls/dsp/utils/hls_cordic_functions.h:773->/home/linsun/Xilinx/Vivado_HLS/2017.1/common/technology/autopilot/hls/dsp/utils/hls_cordic.h:661
:6  %j_2 = add i6 %bvh_d_index_11, -1

ST_7: StgValue_114 (122)  [1/1] 0.00ns  loc: /home/linsun/Xilinx/Vivado_HLS/2017.1/common/technology/autopilot/hls/dsp/utils/hls_cordic_functions.h:773->/home/linsun/Xilinx/Vivado_HLS/2017.1/common/technology/autopilot/hls/dsp/utils/hls_cordic.h:661
:7  br label %9

ST_7: tmp_23 (124)  [1/1] 0.00ns  loc: /home/linsun/Xilinx/Vivado_HLS/2017.1/common/technology/autopilot/hls/dsp/utils/hls_cordic_functions.h:778->/home/linsun/Xilinx/Vivado_HLS/2017.1/common/technology/autopilot/hls/dsp/utils/hls_cordic.h:661
_ifconv4:0  %tmp_23 = call i1 @_ssdm_op_BitSelect.i1.i50.i32(i50 %rem_next_V, i32 25)

ST_7: not_Result_s (125)  [1/1] 0.04ns  loc: /home/linsun/Xilinx/Vivado_HLS/2017.1/common/technology/autopilot/hls/dsp/utils/hls_cordic_functions.h:778->/home/linsun/Xilinx/Vivado_HLS/2017.1/common/technology/autopilot/hls/dsp/utils/hls_cordic.h:661
_ifconv4:1  %not_Result_s = xor i1 %tmp_23, true

ST_7: sqrt_int_V (126)  [1/1] 0.00ns  loc: /home/linsun/Xilinx/Vivado_HLS/2017.1/common/technology/autopilot/hls/dsp/utils/hls_cordic_functions.h:774->/home/linsun/Xilinx/Vivado_HLS/2017.1/common/technology/autopilot/hls/dsp/utils/hls_cordic.h:661
_ifconv4:2  %sqrt_int_V = call i25 @_ssdm_op_BitSet.i25.i25.i32.i1(i25 %p_Val2_6, i32 0, i1 %not_Result_s)

ST_7: p_0289_2_i (127)  [1/1] 0.07ns  loc: /home/linsun/Xilinx/Vivado_HLS/2017.1/common/technology/autopilot/hls/dsp/utils/hls_cordic_functions.h:778->/home/linsun/Xilinx/Vivado_HLS/2017.1/common/technology/autopilot/hls/dsp/utils/hls_cordic.h:661
_ifconv4:3  %p_0289_2_i = select i1 %tmp_23, i50 %p_Result_13, i50 %rem_next_V

ST_7: empty_17 (128)  [1/1] 0.00ns  loc: /home/linsun/Xilinx/Vivado_HLS/2017.1/common/technology/autopilot/hls/dsp/utils/hls_cordic_functions.h:783->/home/linsun/Xilinx/Vivado_HLS/2017.1/common/technology/autopilot/hls/dsp/utils/hls_cordic.h:661
_ifconv4:4  %empty_17 = call i32 (...)* @_ssdm_op_SpecRegionEnd([15 x i8]* @p_str279, i32 %tmp_5)

ST_7: i_2 (129)  [1/1] 1.01ns  loc: /home/linsun/Xilinx/Vivado_HLS/2017.1/common/technology/autopilot/hls/dsp/utils/hls_cordic_functions.h:759->/home/linsun/Xilinx/Vivado_HLS/2017.1/common/technology/autopilot/hls/dsp/utils/hls_cordic.h:661
_ifconv4:5  %i_2 = add i6 %i2_0_i, -1

ST_7: StgValue_121 (130)  [1/1] 0.00ns  loc: /home/linsun/Xilinx/Vivado_HLS/2017.1/common/technology/autopilot/hls/dsp/utils/hls_cordic_functions.h:759->/home/linsun/Xilinx/Vivado_HLS/2017.1/common/technology/autopilot/hls/dsp/utils/hls_cordic.h:661
_ifconv4:6  br label %.preheader.i


 <State 8>: 1.02ns
ST_8: p_Val2_7 (134)  [1/1] 0.00ns
sqrt_slv<48, 1, 25>.exit:0  %p_Val2_7 = phi i25 [ %p_Result_4, %11 ], [ undef, %"sqrt_slv<48, 1, 25>.exit.preheader" ]

ST_8: bvh_d_index_6 (135)  [1/1] 0.00ns
sqrt_slv<48, 1, 25>.exit:1  %bvh_d_index_6 = phi i5 [ %bit_1, %11 ], [ 0, %"sqrt_slv<48, 1, 25>.exit.preheader" ]

ST_8: index_assign_21_cast (136)  [1/1] 0.00ns  loc: /home/linsun/Xilinx/Vivado_HLS/2017.1/common/technology/autopilot/hls/dsp/utils/hls_cordic_functions.h:412->/home/linsun/Xilinx/Vivado_HLS/2017.1/common/technology/autopilot/hls/dsp/utils/hls_cordic.h:678
sqrt_slv<48, 1, 25>.exit:2  %index_assign_21_cast = zext i5 %bvh_d_index_6 to i32

ST_8: exitcond_i6 (137)  [1/1] 0.34ns  loc: /home/linsun/Xilinx/Vivado_HLS/2017.1/common/technology/autopilot/hls/dsp/utils/hls_cordic_functions.h:412->/home/linsun/Xilinx/Vivado_HLS/2017.1/common/technology/autopilot/hls/dsp/utils/hls_cordic.h:678
sqrt_slv<48, 1, 25>.exit:3  %exitcond_i6 = icmp eq i5 %bvh_d_index_6, -7

ST_8: empty_18 (138)  [1/1] 0.00ns
sqrt_slv<48, 1, 25>.exit:4  %empty_18 = call i32 (...)* @_ssdm_op_SpecLoopTripCount(i64 25, i64 25, i64 25)

ST_8: bit_1 (139)  [1/1] 1.02ns  loc: /home/linsun/Xilinx/Vivado_HLS/2017.1/common/technology/autopilot/hls/dsp/utils/hls_cordic_functions.h:412->/home/linsun/Xilinx/Vivado_HLS/2017.1/common/technology/autopilot/hls/dsp/utils/hls_cordic.h:678
sqrt_slv<48, 1, 25>.exit:5  %bit_1 = add i5 %bvh_d_index_6, 1

ST_8: StgValue_128 (140)  [1/1] 0.00ns  loc: /home/linsun/Xilinx/Vivado_HLS/2017.1/common/technology/autopilot/hls/dsp/utils/hls_cordic_functions.h:412->/home/linsun/Xilinx/Vivado_HLS/2017.1/common/technology/autopilot/hls/dsp/utils/hls_cordic.h:678
sqrt_slv<48, 1, 25>.exit:6  br i1 %exitcond_i6, label %"set_outputs<25, 6, 1>.exit", label %11

ST_8: tmp_12 (142)  [1/1] 0.00ns  loc: /home/linsun/Xilinx/Vivado_HLS/2017.1/common/technology/autopilot/hls/dsp/utils/hls_cordic_functions.h:413->/home/linsun/Xilinx/Vivado_HLS/2017.1/common/technology/autopilot/hls/dsp/utils/hls_cordic.h:678
:0  %tmp_12 = call i1 @_ssdm_op_BitSelect.i1.i25.i32(i25 %data_x_outp_V, i32 %index_assign_21_cast)

ST_8: p_Repl2_5 (143)  [1/1] 0.00ns  loc: /home/linsun/Xilinx/Vivado_HLS/2017.1/common/technology/autopilot/hls/dsp/utils/hls_cordic_functions.h:413->/home/linsun/Xilinx/Vivado_HLS/2017.1/common/technology/autopilot/hls/dsp/utils/hls_cordic.h:678
:1  %p_Repl2_5 = zext i1 %tmp_12 to i64

ST_8: p_Result_4 (144)  [1/1] 0.00ns  loc: /home/linsun/Xilinx/Vivado_HLS/2017.1/common/technology/autopilot/hls/dsp/utils/hls_cordic_functions.h:413->/home/linsun/Xilinx/Vivado_HLS/2017.1/common/technology/autopilot/hls/dsp/utils/hls_cordic.h:678
:2  %p_Result_4 = call i25 @_ssdm_op_BitSet.i25.i25.i32.i64(i25 %p_Val2_7, i32 %index_assign_21_cast, i64 %p_Repl2_5)

ST_8: StgValue_132 (145)  [1/1] 0.00ns  loc: /home/linsun/Xilinx/Vivado_HLS/2017.1/common/technology/autopilot/hls/dsp/utils/hls_cordic_functions.h:412->/home/linsun/Xilinx/Vivado_HLS/2017.1/common/technology/autopilot/hls/dsp/utils/hls_cordic.h:678
:3  br label %"sqrt_slv<48, 1, 25>.exit"

ST_8: StgValue_133 (147)  [1/1] 0.00ns  loc: /home/linsun/Xilinx/Vivado_HLS/2017.1/common/technology/autopilot/hls/dsp/utils/hls_cordic.h:682
set_outputs<25, 6, 1>.exit:0  ret i25 %p_Val2_7



============================================================
+ Verbose Summary: Timing violations
============================================================
Target clock period: 10ns, clock uncertainty: 1.25ns.

 <State 1>: 0.605ns
The critical path consists of the following:
	multiplexor before 'phi' operation ('__Result__') with incoming values : ('__Result__', /home/linsun/Xilinx/Vivado_HLS/2017.1/common/technology/autopilot/hls/dsp/utils/hls_cordic_functions.h:312->/home/linsun/Xilinx/Vivado_HLS/2017.1/common/technology/autopilot/hls/dsp/utils/hls_cordic.h:253) [5]  (0.605 ns)

 <State 2>: 1.01ns
The critical path consists of the following:
	'phi' operation ('bit') with incoming values : ('bit', /home/linsun/Xilinx/Vivado_HLS/2017.1/common/technology/autopilot/hls/dsp/utils/hls_cordic_functions.h:311->/home/linsun/Xilinx/Vivado_HLS/2017.1/common/technology/autopilot/hls/dsp/utils/hls_cordic.h:253) [6]  (0 ns)
	'add' operation ('bit', /home/linsun/Xilinx/Vivado_HLS/2017.1/common/technology/autopilot/hls/dsp/utils/hls_cordic_functions.h:311->/home/linsun/Xilinx/Vivado_HLS/2017.1/common/technology/autopilot/hls/dsp/utils/hls_cordic.h:253) [10]  (1.01 ns)

 <State 3>: 1.09ns
The critical path consists of the following:
	'phi' operation ('i') with incoming values : ('i', /home/linsun/Xilinx/Vivado_HLS/2017.1/common/technology/autopilot/hls/dsp/utils/hls_cordic_functions.h:748->/home/linsun/Xilinx/Vivado_HLS/2017.1/common/technology/autopilot/hls/dsp/utils/hls_cordic.h:661) [21]  (0 ns)
	'sub' operation ('index', /home/linsun/Xilinx/Vivado_HLS/2017.1/common/technology/autopilot/hls/dsp/utils/hls_cordic_functions.h:752->/home/linsun/Xilinx/Vivado_HLS/2017.1/common/technology/autopilot/hls/dsp/utils/hls_cordic.h:661) [32]  (1.01 ns)
	'select' operation ('p_050_6_i', /home/linsun/Xilinx/Vivado_HLS/2017.1/common/technology/autopilot/hls/dsp/utils/hls_cordic_functions.h:751->/home/linsun/Xilinx/Vivado_HLS/2017.1/common/technology/autopilot/hls/dsp/utils/hls_cordic.h:661) [43]  (0.071 ns)

 <State 4>: 0.605ns
The critical path consists of the following:
	'phi' operation ('p_0289_0_i', /home/linsun/Xilinx/Vivado_HLS/2017.1/common/technology/autopilot/hls/dsp/utils/hls_cordic_functions.h:778->/home/linsun/Xilinx/Vivado_HLS/2017.1/common/technology/autopilot/hls/dsp/utils/hls_cordic.h:661) with incoming values : ('p_0289_2_i', /home/linsun/Xilinx/Vivado_HLS/2017.1/common/technology/autopilot/hls/dsp/utils/hls_cordic_functions.h:778->/home/linsun/Xilinx/Vivado_HLS/2017.1/common/technology/autopilot/hls/dsp/utils/hls_cordic.h:661) [51]  (0 ns)
	multiplexor before 'phi' operation ('__Result__') with incoming values : ('__Result__', /home/linsun/Xilinx/Vivado_HLS/2017.1/common/technology/autopilot/hls/dsp/utils/hls_cordic_functions.h:762->/home/linsun/Xilinx/Vivado_HLS/2017.1/common/technology/autopilot/hls/dsp/utils/hls_cordic.h:661) ('p_0289_2_i', /home/linsun/Xilinx/Vivado_HLS/2017.1/common/technology/autopilot/hls/dsp/utils/hls_cordic_functions.h:778->/home/linsun/Xilinx/Vivado_HLS/2017.1/common/technology/autopilot/hls/dsp/utils/hls_cordic.h:661) [61]  (0.605 ns)

 <State 5>: 1.01ns
The critical path consists of the following:
	'phi' operation ('j') with incoming values : ('j', /home/linsun/Xilinx/Vivado_HLS/2017.1/common/technology/autopilot/hls/dsp/utils/hls_cordic_functions.h:761->/home/linsun/Xilinx/Vivado_HLS/2017.1/common/technology/autopilot/hls/dsp/utils/hls_cordic.h:661) [62]  (0 ns)
	'add' operation ('index', /home/linsun/Xilinx/Vivado_HLS/2017.1/common/technology/autopilot/hls/dsp/utils/hls_cordic_functions.h:762->/home/linsun/Xilinx/Vivado_HLS/2017.1/common/technology/autopilot/hls/dsp/utils/hls_cordic.h:661) [69]  (1.01 ns)

 <State 6>: 1.62ns
The critical path consists of the following:
	'phi' operation ('j') with incoming values : ('j', /home/linsun/Xilinx/Vivado_HLS/2017.1/common/technology/autopilot/hls/dsp/utils/hls_cordic_functions.h:767->/home/linsun/Xilinx/Vivado_HLS/2017.1/common/technology/autopilot/hls/dsp/utils/hls_cordic.h:661) [87]  (0 ns)
	'add' operation ('index', /home/linsun/Xilinx/Vivado_HLS/2017.1/common/technology/autopilot/hls/dsp/utils/hls_cordic_functions.h:768->/home/linsun/Xilinx/Vivado_HLS/2017.1/common/technology/autopilot/hls/dsp/utils/hls_cordic.h:661) [95]  (1.01 ns)
	'store' operation (/home/linsun/Xilinx/Vivado_HLS/2017.1/common/technology/autopilot/hls/dsp/utils/hls_cordic_functions.h:768->/home/linsun/Xilinx/Vivado_HLS/2017.1/common/technology/autopilot/hls/dsp/utils/hls_cordic.h:661) of variable '__Result__', /home/linsun/Xilinx/Vivado_HLS/2017.1/common/technology/autopilot/hls/dsp/utils/hls_cordic_functions.h:768->/home/linsun/Xilinx/Vivado_HLS/2017.1/common/technology/autopilot/hls/dsp/utils/hls_cordic.h:661 on local variable '__Val2__' [101]  (0.605 ns)

 <State 7>: 1.01ns
The critical path consists of the following:
	'phi' operation ('j') with incoming values : ('j', /home/linsun/Xilinx/Vivado_HLS/2017.1/common/technology/autopilot/hls/dsp/utils/hls_cordic_functions.h:773->/home/linsun/Xilinx/Vivado_HLS/2017.1/common/technology/autopilot/hls/dsp/utils/hls_cordic.h:661) [109]  (0 ns)
	'add' operation ('index', /home/linsun/Xilinx/Vivado_HLS/2017.1/common/technology/autopilot/hls/dsp/utils/hls_cordic_functions.h:774->/home/linsun/Xilinx/Vivado_HLS/2017.1/common/technology/autopilot/hls/dsp/utils/hls_cordic.h:661) [116]  (1.01 ns)

 <State 8>: 1.02ns
The critical path consists of the following:
	'phi' operation ('bit') with incoming values : ('bit', /home/linsun/Xilinx/Vivado_HLS/2017.1/common/technology/autopilot/hls/dsp/utils/hls_cordic_functions.h:412->/home/linsun/Xilinx/Vivado_HLS/2017.1/common/technology/autopilot/hls/dsp/utils/hls_cordic.h:678) [135]  (0 ns)
	'add' operation ('bit', /home/linsun/Xilinx/Vivado_HLS/2017.1/common/technology/autopilot/hls/dsp/utils/hls_cordic_functions.h:412->/home/linsun/Xilinx/Vivado_HLS/2017.1/common/technology/autopilot/hls/dsp/utils/hls_cordic.h:678) [139]  (1.02 ns)


============================================================
+ Verbose Summary: Binding
============================================================
N/A
* FSMD analyzer results:
  - Output states:
 - Input state : 
  - Chain level:
	State 1
	State 2
	State 3
	State 4
	State 5
	State 6
	State 7
	State 8


============================================================
+ Verbose Summary: Datapath Resource usage 
============================================================
N/A
